<Objs Version="1.1.0.1" xmlns="http://schemas.microsoft.com/powershell/2004/04">
  <Obj RefId="0">
    <TN RefId="0">
      <T>System.Management.Automation.PSCustomObject</T>
      <T>System.Object</T>
    </TN>
    <MS>
      <S N="Name">Test-IsAdmin</S>
      <S N="Version">1.0.1</S>
      <Obj N="Type" RefId="1">
        <TN RefId="1">
          <T>Microsoft.PowerShell.PSResourceGet.UtilClasses.ResourceType</T>
          <T>System.Enum</T>
          <T>System.ValueType</T>
          <T>System.Object</T>
        </TN>
        <ToString>Script</ToString>
        <I32>2</I32>
      </Obj>
      <S N="Description">Test admin privileges without using -Requires RunAsAdministrator, which causes a nasty error message if_x000A_trying to load the function within a PS profile but without Administrative privileges._x000A_</S>
      <S N="Author">Jimmy Briggs</S>
      <S N="CompanyName">jimbrig</S>
      <S N="Copyright">Jimmy Briggs | 2023</S>
      <DT N="PublishedDate">2023-03-13T00:27:18.697</DT>
      <DT N="InstalledDate">2024-06-24T19:28:35.3165772-04:00</DT>
      <B N="IsPrerelease">false</B>
      <Nil N="UpdatedDate" />
      <URI N="LicenseUri">https://github.com/jimbrig/PSScripts/blob/main/LICENSE</URI>
      <URI N="ProjectUri">https://github.com/jimbrig/PSScripts/Test-IsAdmin/</URI>
      <Nil N="IconUri" />
      <Obj N="Tags" RefId="2">
        <TN RefId="2">
          <T>System.String[]</T>
          <T>System.Array</T>
          <T>System.Object</T>
        </TN>
        <LST>
          <S>Permissions</S>
          <S>Test</S>
          <S>Admin</S>
          <S>User</S>
          <S>UAC</S>
          <S>Utility</S>
          <S>Assertion</S>
          <S>PSScript</S>
        </LST>
      </Obj>
      <Obj N="Includes" RefId="3">
        <TN RefId="3">
          <T>System.Collections.Hashtable</T>
          <T>System.Object</T>
        </TN>
        <DCT>
          <En>
            <S N="Key">Function</S>
            <Nil N="Value" />
          </En>
          <En>
            <S N="Key">DscResource</S>
            <Obj N="Value" RefId="4">
              <TNRef RefId="2" />
              <LST />
            </Obj>
          </En>
          <En>
            <S N="Key">RoleCapability</S>
            <Nil N="Value" />
          </En>
          <En>
            <S N="Key">Command</S>
            <Obj N="Value" RefId="5">
              <TNRef RefId="2" />
              <LST />
            </Obj>
          </En>
          <En>
            <S N="Key">Workflow</S>
            <Nil N="Value" />
          </En>
          <En>
            <S N="Key">Cmdlet</S>
            <Obj N="Value" RefId="6">
              <TNRef RefId="2" />
              <LST />
            </Obj>
          </En>
        </DCT>
      </Obj>
      <S N="PowerShellGetFormatVersion"></S>
      <S N="ReleaseNotes">Initial Release</S>
      <Obj N="Dependencies" RefId="7">
        <TN RefId="4">
          <T>Microsoft.PowerShell.PSResourceGet.UtilClasses.Dependency[]</T>
          <T>System.Array</T>
          <T>System.Object</T>
        </TN>
        <LST />
      </Obj>
      <S N="RepositorySourceLocation">https://www.powershellgallery.com/api/v2</S>
      <S N="Repository">PSGallery</S>
      <Obj N="AdditionalMetadata" RefId="8">
        <TNRef RefId="0" />
        <MS>
          <S N="NormalizedVersion">1.0.1</S>
          <S N="IsPrerelease">False</S>
        </MS>
      </Obj>
      <S N="InstalledLocation">C:\Users\jimmy\Documents\PowerShell\Scripts</S>
    </MS>
  </Obj>
</Objs>